<?xml version="1.0" encoding="UTF-8"?>
<!-- Generated by org.testng.reporters.JUnitReportReporter -->
<testsuite hostname="DESKTOP-8286MJ6" failures="0" tests="3" name="demoProject1.TestClass1" time="25.394" errors="0" timestamp="2024-01-18T16:44:34 IST" skipped="0">
  <testcase classname="demoProject1.TestClass1" name="Test1" time="8.221"/>
  <testcase classname="demoProject1.TestClass1" name="Test2" time="12.891"/>
  <testcase classname="demoProject1.TestClass1" name="Test3" time="4.282"/>
</testsuite> <!-- demoProject1.TestClass1 -->
