<?xml version="1.0" encoding="UTF-8"?>
<!-- Generated by org.testng.reporters.JUnitReportReporter -->
<testsuite hostname="DESKTOP-8286MJ6" failures="0" tests="3" name="demoProject1.TestClass1" time="38.827" errors="0" timestamp="2024-01-18T18:20:21 IST" skipped="0">
  <testcase classname="demoProject1.TestClass1" name="Test2" time="16.290"/>
  <testcase classname="demoProject1.TestClass1" name="Test3" time="11.043"/>
  <testcase classname="demoProject1.TestClass1" name="Test1" time="11.494"/>
</testsuite> <!-- demoProject1.TestClass1 -->
